2023-04-15T14:21:46.874866+07:00 - booting up
2023-04-15T14:21:46.875380+07:00 - starting 8 workers
2023-04-15T14:21:46.875465+07:00 - Actix runtime found; starting in Actix runtime
2023-04-15T14:22:04.763170+07:00 - ping
2023-04-15T14:22:09.419821+07:00 - SIGINT received; starting forced shutdown
2023-04-15T14:22:09.420043+07:00 - accept thread stopped
2023-04-15T14:22:09.420074+07:00 - shutting down idle worker
2023-04-15T14:22:09.420187+07:00 - shutting down idle worker
2023-04-15T14:22:09.420329+07:00 - shutting down idle worker
2023-04-15T14:22:09.420403+07:00 - shutting down idle worker
2023-04-15T14:22:09.420490+07:00 - shutting down idle worker
2023-04-15T14:22:09.420585+07:00 - shutting down idle worker
2023-04-15T14:22:09.420650+07:00 - shutting down idle worker
2023-04-15T14:22:09.420847+07:00 - shutting down idle worker
2023-04-15T18:17:17.503971+07:00 - booting up
2023-04-15T18:17:17.504924+07:00 - starting 8 workers
2023-04-15T18:17:17.505045+07:00 - Actix runtime found; starting in Actix runtime
2023-04-15T18:17:43.689593+07:00 - SIGINT received; starting forced shutdown
2023-04-15T18:17:43.690056+07:00 - accept thread stopped
2023-04-15T18:17:43.690164+07:00 - force shutdown worker, closing 1 connections
2023-04-15T18:17:43.690249+07:00 - shutting down idle worker
2023-04-15T18:17:43.690365+07:00 - shutting down idle worker
2023-04-15T18:17:43.690629+07:00 - shutting down idle worker
2023-04-15T18:17:43.690749+07:00 - shutting down idle worker
2023-04-15T18:17:43.690891+07:00 - shutting down idle worker
2023-04-15T18:17:43.691062+07:00 - shutting down idle worker
2023-04-15T18:17:43.691201+07:00 - shutting down idle worker
2023-04-15T18:17:51.834389+07:00 - booting up
2023-04-15T18:17:51.834983+07:00 - starting 8 workers
2023-04-15T18:17:51.835081+07:00 - Actix runtime found; starting in Actix runtime
2023-04-15T18:42:54.747247+07:00 - booting up
2023-04-15T18:42:54.748185+07:00 - starting 8 workers
2023-04-15T18:42:54.748353+07:00 - Actix runtime found; starting in Actix runtime
2023-04-15T18:43:01.714444+07:00 - SIGINT received; starting forced shutdown
2023-04-15T18:43:01.714662+07:00 - accept thread stopped
2023-04-15T18:43:01.714764+07:00 - shutting down idle worker
2023-04-15T18:43:01.714897+07:00 - force shutdown worker, closing 1 connections
2023-04-15T18:43:01.715020+07:00 - shutting down idle worker
2023-04-15T18:43:01.715099+07:00 - shutting down idle worker
2023-04-15T18:43:01.715208+07:00 - shutting down idle worker
2023-04-15T18:43:01.715282+07:00 - shutting down idle worker
2023-04-15T18:43:01.715406+07:00 - shutting down idle worker
2023-04-15T18:43:01.715475+07:00 - shutting down idle worker
2023-04-16T13:53:29.138487+07:00 - booting up
2023-04-16T13:53:29.138937+07:00 - starting 8 workers
2023-04-16T13:53:29.139036+07:00 - Actix runtime found; starting in Actix runtime
2023-04-16T13:53:52.359187+07:00 - SIGINT received; starting forced shutdown
2023-04-16T13:53:52.359577+07:00 - accept thread stopped
2023-04-16T13:53:52.359674+07:00 - force shutdown worker, closing 1 connections
2023-04-16T13:53:52.359752+07:00 - shutting down idle worker
2023-04-16T13:53:52.359860+07:00 - shutting down idle worker
2023-04-16T13:53:52.360061+07:00 - shutting down idle worker
2023-04-16T13:53:52.360216+07:00 - shutting down idle worker
2023-04-16T13:53:52.360381+07:00 - shutting down idle worker
2023-04-16T13:53:52.360470+07:00 - shutting down idle worker
2023-04-16T13:53:52.360581+07:00 - shutting down idle worker
2023-04-16T13:55:00.855354+07:00 - booting up
2023-04-16T13:55:00.856019+07:00 - starting 8 workers
2023-04-16T13:55:00.856129+07:00 - Actix runtime found; starting in Actix runtime
2023-04-16T13:55:10.785582+07:00 - SIGINT received; starting forced shutdown
2023-04-16T13:55:10.785840+07:00 - accept thread stopped
2023-04-16T13:55:10.785934+07:00 - shutting down idle worker
2023-04-16T13:55:10.786034+07:00 - shutting down idle worker
2023-04-16T13:55:10.786145+07:00 - shutting down idle worker
2023-04-16T13:55:10.786172+07:00 - shutting down idle worker
2023-04-16T13:55:10.786373+07:00 - shutting down idle worker
2023-04-16T13:55:10.786491+07:00 - shutting down idle worker
2023-04-16T13:55:10.786576+07:00 - shutting down idle worker
2023-04-16T13:55:10.786660+07:00 - shutting down idle worker
2023-04-16T14:29:09.941111+07:00 - booting up
2023-04-16T14:29:09.942723+07:00 - starting 8 workers
2023-04-16T14:29:09.942832+07:00 - Actix runtime found; starting in Actix runtime
2023-04-16T14:29:29.709788+07:00 - get from internet
2023-04-16T14:29:43.578678+07:00 - SIGINT received; starting forced shutdown
2023-04-16T14:29:43.579086+07:00 - accept thread stopped
2023-04-16T14:29:43.579120+07:00 - shutting down idle worker
2023-04-16T14:29:43.579241+07:00 - shutting down idle worker
2023-04-16T14:29:43.579348+07:00 - shutting down idle worker
2023-04-16T14:29:43.579608+07:00 - shutting down idle worker
2023-04-16T14:29:43.579718+07:00 - shutting down idle worker
2023-04-16T14:29:43.579808+07:00 - shutting down idle worker
2023-04-16T14:29:43.579899+07:00 - shutting down idle worker
2023-04-16T14:29:43.580020+07:00 - shutting down idle worker
2023-04-16T14:35:26.350384+07:00 - booting up
2023-04-16T14:35:26.351880+07:00 - starting 8 workers
2023-04-16T14:35:26.352022+07:00 - Actix runtime found; starting in Actix runtime
2023-04-16T14:35:28.471589+07:00 - SIGINT received; starting forced shutdown
2023-04-16T14:35:28.471811+07:00 - accept thread stopped
2023-04-16T14:35:28.471894+07:00 - shutting down idle worker
2023-04-16T14:35:28.471964+07:00 - shutting down idle worker
2023-04-16T14:35:28.472060+07:00 - shutting down idle worker
2023-04-16T14:35:28.472366+07:00 - shutting down idle worker
2023-04-16T14:35:28.472441+07:00 - shutting down idle worker
2023-04-16T14:35:28.472538+07:00 - shutting down idle worker
2023-04-16T14:35:28.472603+07:00 - shutting down idle worker
2023-04-16T14:35:28.472695+07:00 - shutting down idle worker
2023-04-16T15:07:14.954373+07:00 - booting up
2023-04-16T15:07:14.956069+07:00 - starting 8 workers
2023-04-16T15:07:14.956164+07:00 - Actix runtime found; starting in Actix runtime
2023-04-16T15:07:16.917817+07:00 - SIGINT received; starting forced shutdown
2023-04-16T15:07:16.918062+07:00 - accept thread stopped
2023-04-16T15:07:16.918161+07:00 - shutting down idle worker
2023-04-16T15:07:16.918247+07:00 - shutting down idle worker
2023-04-16T15:07:16.918365+07:00 - shutting down idle worker
2023-04-16T15:07:16.918495+07:00 - shutting down idle worker
2023-04-16T15:07:16.918691+07:00 - shutting down idle worker
2023-04-16T15:07:16.918762+07:00 - shutting down idle worker
2023-04-16T15:07:16.918863+07:00 - shutting down idle worker
2023-04-16T15:07:16.918948+07:00 - shutting down idle worker
2023-04-16T15:07:58.962148+07:00 - booting up
2023-04-16T15:07:58.963076+07:00 - starting 8 workers
2023-04-16T15:07:58.963179+07:00 - Actix runtime found; starting in Actix runtime
2023-04-16T15:08:14.668548+07:00 - get from internet
2023-04-16T15:08:41.173375+07:00 - SIGINT received; starting forced shutdown
2023-04-16T15:08:41.173926+07:00 - accept thread stopped
2023-04-16T15:08:41.174141+07:00 - shutting down idle worker
2023-04-16T15:08:41.174353+07:00 - shutting down idle worker
2023-04-16T15:08:41.174563+07:00 - shutting down idle worker
2023-04-16T15:08:41.174675+07:00 - shutting down idle worker
2023-04-16T15:08:41.174794+07:00 - shutting down idle worker
2023-04-16T15:08:41.174951+07:00 - shutting down idle worker
2023-04-16T15:08:41.175037+07:00 - shutting down idle worker
2023-04-16T15:08:41.175155+07:00 - shutting down idle worker
2023-04-16T15:08:41.476711+07:00 - starting 8 workers
2023-04-16T15:08:41.476831+07:00 - Actix runtime found; starting in Actix runtime
2023-04-16T15:09:18.175538+07:00 - booting up
2023-04-16T15:09:18.180015+07:00 - starting 8 workers
2023-04-16T15:09:18.180273+07:00 - Actix runtime found; starting in Actix runtime
2023-04-16T15:09:29.686329+07:00 - get from internet
2023-04-16T15:09:34.443272+07:00 - SIGINT received; starting forced shutdown
2023-04-16T15:09:34.443523+07:00 - accept thread stopped
2023-04-16T15:09:34.443555+07:00 - force shutdown worker, closing 1 connections
2023-04-16T15:09:34.443664+07:00 - shutting down idle worker
2023-04-16T15:09:34.443814+07:00 - shutting down idle worker
2023-04-16T15:09:34.444011+07:00 - shutting down idle worker
2023-04-16T15:09:34.444097+07:00 - shutting down idle worker
2023-04-16T15:09:34.444215+07:00 - shutting down idle worker
2023-04-16T15:09:34.444345+07:00 - shutting down idle worker
2023-04-16T15:09:34.444451+07:00 - shutting down idle worker
2023-04-16T15:09:34.746059+07:00 - starting 8 workers
2023-04-16T15:09:34.746165+07:00 - Actix runtime found; starting in Actix runtime
2023-04-16T15:10:59.477453+07:00 - booting up
2023-04-16T15:10:59.485279+07:00 - starting 8 workers
2023-04-16T15:10:59.485697+07:00 - Actix runtime found; starting in Actix runtime
2023-04-16T15:11:03.800741+07:00 - get from internet
2023-04-16T15:11:12.353106+07:00 - SIGINT received; starting forced shutdown
2023-04-16T15:11:12.353582+07:00 - accept thread stopped
2023-04-16T15:11:12.353625+07:00 - shutting down idle worker
2023-04-16T15:11:12.353734+07:00 - shutting down idle worker
2023-04-16T15:11:12.353815+07:00 - shutting down idle worker
2023-04-16T15:11:12.354115+07:00 - shutting down idle worker
2023-04-16T15:11:12.354200+07:00 - shutting down idle worker
2023-04-16T15:11:12.354298+07:00 - shutting down idle worker
2023-04-16T15:11:12.354374+07:00 - shutting down idle worker
2023-04-16T15:11:12.354457+07:00 - shutting down idle worker
2023-04-16T15:11:12.655800+07:00 - starting 8 workers
2023-04-16T15:11:12.655922+07:00 - Actix runtime found; starting in Actix runtime
2023-04-16T15:20:39.500418+07:00 - booting up
2023-04-16T15:20:39.502336+07:00 - starting 8 workers
2023-04-16T15:20:39.502416+07:00 - starting 8 workers
2023-04-16T15:20:39.502532+07:00 - Actix runtime found; starting in Actix runtime
2023-04-16T15:20:39.504774+07:00 - Actix runtime found; starting in Actix runtime
2023-04-16T15:20:44.977337+07:00 - get from internet
2023-04-16T15:20:53.951600+07:00 - SIGINT received; starting forced shutdown
2023-04-16T15:20:53.951841+07:00 - accept thread stopped
2023-04-16T15:20:53.951972+07:00 - shutting down idle worker
2023-04-16T15:20:53.952124+07:00 - shutting down idle worker
2023-04-16T15:20:53.952242+07:00 - shutting down idle worker
2023-04-16T15:20:53.952295+07:00 - force shutdown worker, closing 1 connections
2023-04-16T15:20:53.952365+07:00 - shutting down idle worker
2023-04-16T15:20:53.952495+07:00 - shutting down idle worker
2023-04-16T15:20:53.952540+07:00 - shutting down idle worker
2023-04-16T15:20:53.952592+07:00 - shutting down idle worker
2023-04-16T15:20:53.952623+07:00 - SIGINT received; starting forced shutdown
2023-04-16T15:20:53.952707+07:00 - accept thread stopped
2023-04-16T15:20:53.952753+07:00 - shutting down idle worker
2023-04-16T15:20:53.952805+07:00 - shutting down idle worker
2023-04-16T15:20:53.953034+07:00 - shutting down idle worker
2023-04-16T15:20:53.953089+07:00 - shutting down idle worker
2023-04-16T15:20:53.953271+07:00 - shutting down idle worker
2023-04-16T15:20:53.953322+07:00 - shutting down idle worker
2023-04-16T15:20:53.953339+07:00 - shutting down idle worker
2023-04-16T15:20:53.953449+07:00 - shutting down idle worker
2023-04-16T15:21:20.440646+07:00 - booting up
2023-04-16T15:21:20.441588+07:00 - starting 8 workers
2023-04-16T15:21:20.441641+07:00 - starting 8 workers
2023-04-16T15:21:20.441727+07:00 - Actix runtime found; starting in Actix runtime
2023-04-16T15:21:20.443686+07:00 - Actix runtime found; starting in Actix runtime
2023-04-16T15:21:23.082757+07:00 - get from internet
2023-04-16T15:21:41.881646+07:00 - SIGINT received; starting forced shutdown
2023-04-16T15:21:41.881940+07:00 - accept thread stopped
2023-04-16T15:21:41.882003+07:00 - shutting down idle worker
2023-04-16T15:21:41.882194+07:00 - shutting down idle worker
2023-04-16T15:21:41.882273+07:00 - shutting down idle worker
2023-04-16T15:21:41.882319+07:00 - shutting down idle worker
2023-04-16T15:21:41.882372+07:00 - shutting down idle worker
2023-04-16T15:21:41.882416+07:00 - shutting down idle worker
2023-04-16T15:21:41.882458+07:00 - shutting down idle worker
2023-04-16T15:21:41.882499+07:00 - shutting down idle worker
2023-04-16T15:21:41.882536+07:00 - SIGINT received; starting forced shutdown
2023-04-16T15:21:41.882647+07:00 - accept thread stopped
2023-04-16T15:21:41.882704+07:00 - shutting down idle worker
2023-04-16T15:21:41.882745+07:00 - shutting down idle worker
2023-04-16T15:21:41.882836+07:00 - shutting down idle worker
2023-04-16T15:21:41.882881+07:00 - shutting down idle worker
2023-04-16T15:21:41.882921+07:00 - shutting down idle worker
2023-04-16T15:21:41.882988+07:00 - shutting down idle worker
2023-04-16T15:21:41.883029+07:00 - shutting down idle worker
2023-04-16T15:21:41.883081+07:00 - shutting down idle worker
2023-04-16T15:22:15.643303+07:00 - booting up
2023-04-16T15:22:15.644291+07:00 - starting 8 workers
2023-04-16T15:22:15.644347+07:00 - starting 8 workers
2023-04-16T15:22:15.644432+07:00 - Actix runtime found; starting in Actix runtime
2023-04-16T15:22:15.646337+07:00 - Actix runtime found; starting in Actix runtime
2023-04-16T15:22:18.488999+07:00 - get from internet
2023-04-16T15:22:18.489185+07:00 - 0
2023-04-16T15:24:15.323581+07:00 - SIGINT received; starting forced shutdown
2023-04-16T15:24:15.324279+07:00 - accept thread stopped
2023-04-16T15:24:15.324365+07:00 - shutting down idle worker
2023-04-16T15:24:15.324420+07:00 - shutting down idle worker
2023-04-16T15:24:15.324633+07:00 - shutting down idle worker
2023-04-16T15:24:15.324691+07:00 - shutting down idle worker
2023-04-16T15:24:15.324758+07:00 - shutting down idle worker
2023-04-16T15:24:15.324802+07:00 - shutting down idle worker
2023-04-16T15:24:15.324850+07:00 - shutting down idle worker
2023-04-16T15:24:15.324898+07:00 - shutting down idle worker
2023-04-16T15:24:15.324909+07:00 - SIGINT received; starting forced shutdown
2023-04-16T15:24:15.324982+07:00 - accept thread stopped
2023-04-16T15:24:15.325027+07:00 - shutting down idle worker
2023-04-16T15:24:15.325070+07:00 - shutting down idle worker
2023-04-16T15:24:15.325134+07:00 - shutting down idle worker
2023-04-16T15:24:15.325176+07:00 - shutting down idle worker
2023-04-16T15:24:15.325224+07:00 - shutting down idle worker
2023-04-16T15:24:15.325304+07:00 - shutting down idle worker
2023-04-16T15:24:15.325362+07:00 - shutting down idle worker
2023-04-16T15:24:15.325404+07:00 - shutting down idle worker
2023-04-16T15:24:24.275417+07:00 - booting up
2023-04-16T15:24:24.276349+07:00 - starting 8 workers
2023-04-16T15:24:24.276410+07:00 - starting 8 workers
2023-04-16T15:24:24.276501+07:00 - Actix runtime found; starting in Actix runtime
2023-04-16T15:24:24.278390+07:00 - Actix runtime found; starting in Actix runtime
2023-04-16T15:24:35.094090+07:00 - get from internet
2023-04-16T15:24:35.094180+07:00 - 1681633475094
2023-04-16T15:25:20.642823+07:00 - SIGINT received; starting forced shutdown
2023-04-16T15:25:20.643069+07:00 - shutting down idle worker
2023-04-16T15:25:20.643285+07:00 - shutting down idle worker
2023-04-16T15:25:20.643450+07:00 - shutting down idle worker
2023-04-16T15:25:20.643813+07:00 - shutting down idle worker
2023-04-16T15:25:20.644097+07:00 - shutting down idle worker
2023-04-16T15:25:20.644239+07:00 - shutting down idle worker
2023-04-16T15:25:20.644371+07:00 - shutting down idle worker
2023-04-16T15:25:20.644496+07:00 - shutting down idle worker
2023-04-16T15:25:20.644645+07:00 - accept thread stopped
2023-04-16T15:25:20.644987+07:00 - SIGINT received; starting forced shutdown
2023-04-16T15:25:20.645304+07:00 - accept thread stopped
2023-04-16T15:25:20.645438+07:00 - shutting down idle worker
2023-04-16T15:25:20.645621+07:00 - shutting down idle worker
2023-04-16T15:25:20.645806+07:00 - shutting down idle worker
2023-04-16T15:25:20.645992+07:00 - shutting down idle worker
2023-04-16T15:25:20.646095+07:00 - shutting down idle worker
2023-04-16T15:25:20.646238+07:00 - shutting down idle worker
2023-04-16T15:25:20.646335+07:00 - shutting down idle worker
2023-04-16T15:25:20.646424+07:00 - shutting down idle worker
2023-04-16T15:25:27.048123+07:00 - booting up
2023-04-16T15:25:27.050502+07:00 - starting 8 workers
2023-04-16T15:25:27.050622+07:00 - starting 8 workers
2023-04-16T15:25:27.050730+07:00 - Actix runtime found; starting in Actix runtime
2023-04-16T15:25:27.052709+07:00 - Actix runtime found; starting in Actix runtime
2023-04-16T15:25:38.918459+07:00 - SIGINT received; starting forced shutdown
2023-04-16T15:25:38.918888+07:00 - accept thread stopped
2023-04-16T15:25:38.918981+07:00 - shutting down idle worker
2023-04-16T15:25:38.919258+07:00 - shutting down idle worker
2023-04-16T15:25:38.919420+07:00 - shutting down idle worker
2023-04-16T15:25:38.919641+07:00 - shutting down idle worker
2023-04-16T15:25:38.919770+07:00 - shutting down idle worker
2023-04-16T15:25:38.919845+07:00 - shutting down idle worker
2023-04-16T15:25:38.919934+07:00 - shutting down idle worker
2023-04-16T15:25:38.920012+07:00 - shutting down idle worker
2023-04-16T15:25:38.920033+07:00 - SIGINT received; starting forced shutdown
2023-04-16T15:25:38.920159+07:00 - shutting down idle worker
2023-04-16T15:25:38.920243+07:00 - shutting down idle worker
2023-04-16T15:25:38.920312+07:00 - shutting down idle worker
2023-04-16T15:25:38.920387+07:00 - shutting down idle worker
2023-04-16T15:25:38.920469+07:00 - shutting down idle worker
2023-04-16T15:25:38.920551+07:00 - shutting down idle worker
2023-04-16T15:25:38.920623+07:00 - shutting down idle worker
2023-04-16T15:25:38.920695+07:00 - accept thread stopped
2023-04-16T15:25:38.920762+07:00 - shutting down idle worker
2023-04-16T15:25:44.774845+07:00 - booting up
2023-04-16T15:25:44.775833+07:00 - starting 8 workers
2023-04-16T15:25:44.775896+07:00 - starting 8 workers
2023-04-16T15:25:44.775992+07:00 - Actix runtime found; starting in Actix runtime
2023-04-16T15:25:44.778458+07:00 - Actix runtime found; starting in Actix runtime
2023-04-16T15:25:48.667306+07:00 - get from internet
2023-04-16T15:25:48.667434+07:00 - 1681633548667
2023-04-16T15:26:25.277474+07:00 - SIGINT received; starting forced shutdown
2023-04-16T15:26:25.277676+07:00 - accept thread stopped
2023-04-16T15:26:25.277768+07:00 - shutting down idle worker
2023-04-16T15:26:25.277825+07:00 - shutting down idle worker
2023-04-16T15:26:25.277918+07:00 - shutting down idle worker
2023-04-16T15:26:25.278074+07:00 - shutting down idle worker
2023-04-16T15:26:25.278179+07:00 - shutting down idle worker
2023-04-16T15:26:25.278256+07:00 - shutting down idle worker
2023-04-16T15:26:25.278328+07:00 - shutting down idle worker
2023-04-16T15:26:25.278393+07:00 - shutting down idle worker
2023-04-16T15:26:25.278452+07:00 - SIGINT received; starting forced shutdown
2023-04-16T15:26:25.278563+07:00 - shutting down idle worker
2023-04-16T15:26:25.278619+07:00 - shutting down idle worker
2023-04-16T15:26:25.278680+07:00 - accept thread stopped
2023-04-16T15:26:25.278731+07:00 - shutting down idle worker
2023-04-16T15:26:25.278787+07:00 - shutting down idle worker
2023-04-16T15:26:25.278818+07:00 - shutting down idle worker
2023-04-16T15:26:25.278874+07:00 - shutting down idle worker
2023-04-16T15:26:25.278992+07:00 - shutting down idle worker
2023-04-16T15:26:25.279058+07:00 - shutting down idle worker
2023-04-16T15:26:32.897594+07:00 - booting up
2023-04-16T15:26:32.898523+07:00 - starting 8 workers
2023-04-16T15:26:32.898575+07:00 - starting 8 workers
2023-04-16T15:26:32.898708+07:00 - Actix runtime found; starting in Actix runtime
2023-04-16T15:26:32.902268+07:00 - Actix runtime found; starting in Actix runtime
2023-04-16T15:27:23.119531+07:00 - get from internet
2023-04-16T15:27:23.119719+07:00 - 1681633643119
2023-04-16T15:27:45.149382+07:00 - get from internet
2023-04-16T15:27:45.149516+07:00 - 1681633665149
2023-04-16T15:27:52.931857+07:00 - SIGINT received; starting forced shutdown
2023-04-16T15:27:52.932093+07:00 - accept thread stopped
2023-04-16T15:27:52.932217+07:00 - shutting down idle worker
2023-04-16T15:27:52.932298+07:00 - shutting down idle worker
2023-04-16T15:27:52.932403+07:00 - shutting down idle worker
2023-04-16T15:27:52.932537+07:00 - shutting down idle worker
2023-04-16T15:27:52.932628+07:00 - shutting down idle worker
2023-04-16T15:27:52.932751+07:00 - shutting down idle worker
2023-04-16T15:27:52.932925+07:00 - shutting down idle worker
2023-04-16T15:27:52.932955+07:00 - shutting down idle worker
2023-04-16T15:27:52.932990+07:00 - SIGINT received; starting forced shutdown
2023-04-16T15:27:52.933143+07:00 - shutting down idle worker
2023-04-16T15:27:52.933212+07:00 - accept thread stopped
2023-04-16T15:27:52.933285+07:00 - shutting down idle worker
2023-04-16T15:27:52.933348+07:00 - shutting down idle worker
2023-04-16T15:27:52.933439+07:00 - shutting down idle worker
2023-04-16T15:27:52.933507+07:00 - shutting down idle worker
2023-04-16T15:27:52.933580+07:00 - shutting down idle worker
2023-04-16T15:27:52.933650+07:00 - shutting down idle worker
2023-04-16T15:27:52.933717+07:00 - shutting down idle worker
